2025-12-14T23:37:42 | touched: Cargo.toml
2025-06-21T17:11:53 | touched: src/main.rs
2025-03-09T21:56:48 | touched: src/main.rs
2026-01-07T02:39:38 | touched: README.md
2026-01-12T17:14:46 | touched: Cargo.toml
2025-03-05T21:59:23 | touched: src/lib.rs
2026-01-15T22:57:24 | touched: src/lib.rs
2025-05-05T19:17:56 | touched: LICENSE
2025-07-02T19:49:21 | touched: src/lib.rs
2025-11-24T11:14:27 | touched: src/main.rs
2025-07-17T02:18:17 | touched: LICENSE
2025-03-17T22:41:17 | touched: src/lib.rs
2025-09-22T10:45:15 | touched: src/lib.rs
2025-10-05T23:40:32 | touched: src/main.rs
2025-04-23T15:31:17 | touched: src/main.rs
2025-10-03T23:28:30 | touched: Cargo.toml
2025-02-19T05:26:55 | touched: src/lib.rs
2025-02-15T19:52:00 | touched: README.md
2025-01-28T03:06:13 | touched: LICENSE
2025-09-03T23:48:24 | touched: README.md
2025-02-06T04:22:42 | touched: Cargo.toml
2025-07-31T20:01:11 | touched: Cargo.toml
2025-10-29T00:09:01 | touched: src/main.rs
2025-11-11T13:31:22 | touched: src/main.rs
2025-12-03T20:18:15 | touched: src/lib.rs
